<?xml version="1.0" encoding="UTF-8"?>
<!-- Generated by org.testng.reporters.JUnitReportReporter -->
<testsuite hostname="LAPTOP-PP7LTPN0" failures="0" tests="1" name="com.demoaut.newtours.TestScripts.BookTicketTest" time="46.097" errors="0" timestamp="17 Dec 2018 06:18:21 GMT" skipped="0">
  <testcase classname="com.demoaut.newtours.TestScripts.BookTicketTest" name="ticketBookingTest" time="46.097"/>
</testsuite> <!-- com.demoaut.newtours.TestScripts.BookTicketTest -->
