<?xml version="1.0" encoding="UTF-8"?>
<!-- Generated by org.testng.reporters.JUnitReportReporter -->
<testsuite skipped="0" hostname="LAPTOP-PP7LTPN0" name="com.demoaut.newtours.TestScripts.InvalidCredentialsTest" tests="1" failures="0" timestamp="19 Jan 2019 18:31:32 GMT" time="3.518" errors="0">
  <testcase name="validateLogin" time="3.518" classname="com.demoaut.newtours.TestScripts.InvalidCredentialsTest"/>
</testsuite> <!-- com.demoaut.newtours.TestScripts.InvalidCredentialsTest -->
