<?xml version="1.0" encoding="UTF-8"?>
<!-- Generated by org.testng.reporters.JUnitReportReporter -->
<testsuite skipped="0" hostname="LAPTOP-PP7LTPN0" name="com.demoaut.newtours.TestScripts.InvalidCredentialsTest" tests="1" failures="0" timestamp="01 Apr 2019 02:38:40 GMT" time="3.858" errors="0">
  <testcase name="validateLoginWithInvalidCredentials" time="3.858" classname="com.demoaut.newtours.TestScripts.InvalidCredentialsTest"/>
</testsuite> <!-- com.demoaut.newtours.TestScripts.InvalidCredentialsTest -->
